<?xml version="1.0" encoding="UTF-8"?>
<!-- Generated by org.testng.reporters.JUnitXMLReporter -->
<testsuite hostname="Lenovo" ignored="1" name="Default test" tests="4" failures="0" timestamp="28 Apr 2021 05:53:01 GMT" time="0.257" errors="0">
  <testcase name="tc03" time="0.014" classname="org.testsample.Testinng"/>
  <testcase name="tc04" time="0.004" classname="org.testsample.Testinng"/>
  <testcase name="tc02" time="0.007" classname="org.testsample.Testinng"/>
  <testcase name="tc05" time="0.034" classname="org.testsample.Testinng"/>
  <testcase name="tc01" time="0.0" classname="org.testsample.Testinng">
    <ignored/>
  </testcase> <!-- tc01 -->
</testsuite> <!-- Default test -->
